Module contains POD
Package name : Vim::Perl
Size : 11
All statements : 9151, Include statements : 15
$use = [
         bless( {
                  'children' => [
                                  bless( {
                                           'content' => 'use'
                                         }, 'PPI::Token::Word' ),
                                  bless( {
                                           'content' => ' '
                                         }, 'PPI::Token::Whitespace' ),
                                  bless( {
                                           'content' => 'strict'
                                         }, 'PPI::Token::Word' ),
                                  bless( {
                                           'content' => ';'
                                         }, 'PPI::Token::Structure' )
                                ]
                }, 'PPI::Statement::Include' ),
         bless( {
                  'children' => [
                                  bless( {
                                           'content' => 'use'
                                         }, 'PPI::Token::Word' ),
                                  bless( {
                                           'content' => ' '
                                         }, 'PPI::Token::Whitespace' ),
                                  bless( {
                                           'content' => 'warnings'
                                         }, 'PPI::Token::Word' ),
                                  bless( {
                                           'content' => ';'
                                         }, 'PPI::Token::Structure' )
                                ]
                }, 'PPI::Statement::Include' ),
         bless( {
                  'children' => [
                                  bless( {
                                           'content' => 'use'
                                         }, 'PPI::Token::Word' ),
                                  bless( {
                                           'content' => ' '
                                         }, 'PPI::Token::Whitespace' ),
                                  bless( {
                                           'content' => 'Exporter'
                                         }, 'PPI::Token::Word' ),
                                  bless( {
                                           'content' => ' '
                                         }, 'PPI::Token::Whitespace' ),
                                  bless( {
                                           'finish' => bless( {
                                                                'content' => ')'
                                                              }, 'PPI::Token::Structure' ),
                                           'start' => bless( {
                                                               'content' => '('
                                                             }, 'PPI::Token::Structure' ),
                                           'children' => []
                                         }, 'PPI::Structure::List' ),
                                  bless( {
                                           'content' => ';'
                                         }, 'PPI::Token::Structure' )
                                ]
                }, 'PPI::Statement::Include' ),
         bless( {
                  'children' => [
                                  bless( {
                                           'content' => 'use'
                                         }, 'PPI::Token::Word' ),
                                  bless( {
                                           'content' => ' '
                                         }, 'PPI::Token::Whitespace' ),
                                  bless( {
                                           'content' => 'vars'
                                         }, 'PPI::Token::Word' ),
                                  bless( {
                                           'content' => ' '
                                         }, 'PPI::Token::Whitespace' ),
                                  bless( {
                                           'content' => 'qw($VERSION @ISA @EXPORT @EXPORT_OK %EXPORT_TAGS)',
                                           '_sections' => 1,
                                           'operator' => 'qw',
                                           'braced' => 1,
                                           'separator' => undef,
                                           'sections' => [
                                                           {
                                                             'size' => 45,
                                                             'position' => 3,
                                                             'type' => '()'
                                                           }
                                                         ]
                                         }, 'PPI::Token::QuoteLike::Words' ),
                                  bless( {
                                           'content' => ';'
                                         }, 'PPI::Token::Structure' )
                                ]
                }, 'PPI::Statement::Include' ),
         bless( {
                  'children' => [
                                  bless( {
                                           'content' => 'use'
                                         }, 'PPI::Token::Word' ),
                                  bless( {
                                           'content' => ' '
                                         }, 'PPI::Token::Whitespace' ),
                                  bless( {
                                           'content' => 'File::Spec::Functions'
                                         }, 'PPI::Token::Word' ),
                                  bless( {
                                           'content' => ' '
                                         }, 'PPI::Token::Whitespace' ),
                                  bless( {
                                           'braced' => 1,
                                           'operator' => 'qw',
                                           'sections' => [
                                                           {
                                                             'position' => 3,
                                                             'size' => 30,
                                                             'type' => '()'
                                                           }
                                                         ],
                                           'separator' => undef,
                                           '_sections' => 1,
                                           'content' => 'qw(catfile rel2abs curdir catdir )'
                                         }, 'PPI::Token::QuoteLike::Words' ),
                                  bless( {
                                           'content' => ';'
                                         }, 'PPI::Token::Structure' )
                                ]
                }, 'PPI::Statement::Include' ),
         bless( {
                  'children' => [
                                  bless( {
                                           'content' => 'use'
                                         }, 'PPI::Token::Word' ),
                                  bless( {
                                           'content' => ' '
                                         }, 'PPI::Token::Whitespace' ),
                                  bless( {
                                           'content' => 'File::Dat::Utils'
                                         }, 'PPI::Token::Word' ),
                                  bless( {
                                           'content' => ' '
                                         }, 'PPI::Token::Whitespace' ),
                                  bless( {
                                           'operator' => 'qw',
                                           'braced' => 1,
                                           'sections' => [
                                                           {
                                                             'type' => '()',
                                                             'size' => 9,
                                                             'position' => 3
                                                           }
                                                         ],
                                           'separator' => undef,
                                           '_sections' => 1,
                                           'content' => 'qw( readarr )'
                                         }, 'PPI::Token::QuoteLike::Words' ),
                                  bless( {
                                           'content' => ';'
                                         }, 'PPI::Token::Structure' )
                                ]
                }, 'PPI::Statement::Include' ),
         bless( {
                  'children' => [
                                  bless( {
                                           'content' => 'use'
                                         }, 'PPI::Token::Word' ),
                                  bless( {
                                           'content' => ' '
                                         }, 'PPI::Token::Whitespace' ),
                                  bless( {
                                           'content' => 'Text::TabularDisplay'
                                         }, 'PPI::Token::Word' ),
                                  bless( {
                                           'content' => ';'
                                         }, 'PPI::Token::Structure' )
                                ]
                }, 'PPI::Statement::Include' ),
         bless( {
                  'children' => [
                                  bless( {
                                           'content' => 'use'
                                         }, 'PPI::Token::Word' ),
                                  bless( {
                                           'content' => ' '
                                         }, 'PPI::Token::Whitespace' ),
                                  bless( {
                                           'content' => 'Data::Dumper'
                                         }, 'PPI::Token::Word' ),
                                  bless( {
                                           'content' => ';'
                                         }, 'PPI::Token::Structure' )
                                ]
                }, 'PPI::Statement::Include' ),
         bless( {
                  'children' => [
                                  bless( {
                                           'content' => 'use'
                                         }, 'PPI::Token::Word' ),
                                  bless( {
                                           'content' => ' '
                                         }, 'PPI::Token::Whitespace' ),
                                  bless( {
                                           'content' => 'File::Basename'
                                         }, 'PPI::Token::Word' ),
                                  bless( {
                                           'content' => ' '
                                         }, 'PPI::Token::Whitespace' ),
                                  bless( {
                                           '_sections' => 1,
                                           'content' => 'qw(basename dirname)',
                                           'braced' => 1,
                                           'operator' => 'qw',
                                           'sections' => [
                                                           {
                                                             'position' => 3,
                                                             'size' => 16,
                                                             'type' => '()'
                                                           }
                                                         ],
                                           'separator' => undef
                                         }, 'PPI::Token::QuoteLike::Words' ),
                                  bless( {
                                           'content' => ';'
                                         }, 'PPI::Token::Structure' )
                                ]
                }, 'PPI::Statement::Include' ),
         bless( {
                  'children' => [
                                  bless( {
                                           'content' => 'use'
                                         }, 'PPI::Token::Word' ),
                                  bless( {
                                           'content' => ' '
                                         }, 'PPI::Token::Whitespace' ),
                                  bless( {
                                           'content' => 'File::Slurp'
                                         }, 'PPI::Token::Word' ),
                                  bless( {
                                           'content' => ' '
                                         }, 'PPI::Token::Whitespace' ),
                                  bless( {
                                           '_sections' => 1,
                                           'content' => 'qw(
  append_file
  edit_file
  edit_file_lines
  read_file
  write_file
  prepend_file
)',
                                           'separator' => undef,
                                           'sections' => [
                                                           {
                                                             'size' => 85,
                                                             'position' => 3,
                                                             'type' => '()'
                                                           }
                                                         ],
                                           'operator' => 'qw',
                                           'braced' => 1
                                         }, 'PPI::Token::QuoteLike::Words' ),
                                  bless( {
                                           'content' => ';'
                                         }, 'PPI::Token::Structure' )
                                ]
                }, 'PPI::Statement::Include' ),
         bless( {
                  'children' => [
                                  bless( {
                                           'content' => 'use'
                                         }, 'PPI::Token::Word' ),
                                  bless( {
                                           'content' => ' '
                                         }, 'PPI::Token::Whitespace' ),
                                  bless( {
                                           'content' => 'integer'
                                         }, 'PPI::Token::Word' ),
                                  bless( {
                                           'content' => ';'
                                         }, 'PPI::Token::Structure' )
                                ]
                }, 'PPI::Statement::Include' )
       ];
$useSorted = [
               bless( {
                        'children' => [
                                        bless( {
                                                 'content' => 'use'
                                               }, 'PPI::Token::Word' ),
                                        bless( {
                                                 'content' => ' '
                                               }, 'PPI::Token::Whitespace' ),
                                        bless( {
                                                 'content' => 'Data::Dumper'
                                               }, 'PPI::Token::Word' ),
                                        bless( {
                                                 'content' => ';'
                                               }, 'PPI::Token::Structure' )
                                      ]
                      }, 'PPI::Statement::Include' ),
               bless( {
                        'children' => [
                                        bless( {
                                                 'content' => 'use'
                                               }, 'PPI::Token::Word' ),
                                        bless( {
                                                 'content' => ' '
                                               }, 'PPI::Token::Whitespace' ),
                                        bless( {
                                                 'content' => 'Exporter'
                                               }, 'PPI::Token::Word' ),
                                        bless( {
                                                 'content' => ' '
                                               }, 'PPI::Token::Whitespace' ),
                                        bless( {
                                                 'finish' => bless( {
                                                                      'content' => ')'
                                                                    }, 'PPI::Token::Structure' ),
                                                 'start' => bless( {
                                                                     'content' => '('
                                                                   }, 'PPI::Token::Structure' ),
                                                 'children' => []
                                               }, 'PPI::Structure::List' ),
                                        bless( {
                                                 'content' => ';'
                                               }, 'PPI::Token::Structure' )
                                      ]
                      }, 'PPI::Statement::Include' ),
               bless( {
                        'children' => [
                                        bless( {
                                                 'content' => 'use'
                                               }, 'PPI::Token::Word' ),
                                        bless( {
                                                 'content' => ' '
                                               }, 'PPI::Token::Whitespace' ),
                                        bless( {
                                                 'content' => 'File::Basename'
                                               }, 'PPI::Token::Word' ),
                                        bless( {
                                                 'content' => ' '
                                               }, 'PPI::Token::Whitespace' ),
                                        bless( {
                                                 '_sections' => 1,
                                                 'content' => 'qw(basename dirname)',
                                                 'braced' => 1,
                                                 'operator' => 'qw',
                                                 'sections' => [
                                                                 {
                                                                   'position' => 3,
                                                                   'size' => 16,
                                                                   'type' => '()'
                                                                 }
                                                               ],
                                                 'separator' => undef
                                               }, 'PPI::Token::QuoteLike::Words' ),
                                        bless( {
                                                 'content' => ';'
                                               }, 'PPI::Token::Structure' )
                                      ]
                      }, 'PPI::Statement::Include' ),
               bless( {
                        'children' => [
                                        bless( {
                                                 'content' => 'use'
                                               }, 'PPI::Token::Word' ),
                                        bless( {
                                                 'content' => ' '
                                               }, 'PPI::Token::Whitespace' ),
                                        bless( {
                                                 'content' => 'File::Dat::Utils'
                                               }, 'PPI::Token::Word' ),
                                        bless( {
                                                 'content' => ' '
                                               }, 'PPI::Token::Whitespace' ),
                                        bless( {
                                                 'operator' => 'qw',
                                                 'braced' => 1,
                                                 'sections' => [
                                                                 {
                                                                   'type' => '()',
                                                                   'size' => 9,
                                                                   'position' => 3
                                                                 }
                                                               ],
                                                 'separator' => undef,
                                                 '_sections' => 1,
                                                 'content' => 'qw( readarr )'
                                               }, 'PPI::Token::QuoteLike::Words' ),
                                        bless( {
                                                 'content' => ';'
                                               }, 'PPI::Token::Structure' )
                                      ]
                      }, 'PPI::Statement::Include' ),
               bless( {
                        'children' => [
                                        bless( {
                                                 'content' => 'use'
                                               }, 'PPI::Token::Word' ),
                                        bless( {
                                                 'content' => ' '
                                               }, 'PPI::Token::Whitespace' ),
                                        bless( {
                                                 'content' => 'File::Slurp'
                                               }, 'PPI::Token::Word' ),
                                        bless( {
                                                 'content' => ' '
                                               }, 'PPI::Token::Whitespace' ),
                                        bless( {
                                                 '_sections' => 1,
                                                 'content' => 'qw(
  append_file
  edit_file
  edit_file_lines
  read_file
  write_file
  prepend_file
)',
                                                 'separator' => undef,
                                                 'sections' => [
                                                                 {
                                                                   'size' => 85,
                                                                   'position' => 3,
                                                                   'type' => '()'
                                                                 }
                                                               ],
                                                 'operator' => 'qw',
                                                 'braced' => 1
                                               }, 'PPI::Token::QuoteLike::Words' ),
                                        bless( {
                                                 'content' => ';'
                                               }, 'PPI::Token::Structure' )
                                      ]
                      }, 'PPI::Statement::Include' ),
               bless( {
                        'children' => [
                                        bless( {
                                                 'content' => 'use'
                                               }, 'PPI::Token::Word' ),
                                        bless( {
                                                 'content' => ' '
                                               }, 'PPI::Token::Whitespace' ),
                                        bless( {
                                                 'content' => 'File::Spec::Functions'
                                               }, 'PPI::Token::Word' ),
                                        bless( {
                                                 'content' => ' '
                                               }, 'PPI::Token::Whitespace' ),
                                        bless( {
                                                 'braced' => 1,
                                                 'operator' => 'qw',
                                                 'sections' => [
                                                                 {
                                                                   'position' => 3,
                                                                   'size' => 30,
                                                                   'type' => '()'
                                                                 }
                                                               ],
                                                 'separator' => undef,
                                                 '_sections' => 1,
                                                 'content' => 'qw(catfile rel2abs curdir catdir )'
                                               }, 'PPI::Token::QuoteLike::Words' ),
                                        bless( {
                                                 'content' => ';'
                                               }, 'PPI::Token::Structure' )
                                      ]
                      }, 'PPI::Statement::Include' ),
               bless( {
                        'children' => [
                                        bless( {
                                                 'content' => 'use'
                                               }, 'PPI::Token::Word' ),
                                        bless( {
                                                 'content' => ' '
                                               }, 'PPI::Token::Whitespace' ),
                                        bless( {
                                                 'content' => 'Text::TabularDisplay'
                                               }, 'PPI::Token::Word' ),
                                        bless( {
                                                 'content' => ';'
                                               }, 'PPI::Token::Structure' )
                                      ]
                      }, 'PPI::Statement::Include' ),
               bless( {
                        'children' => [
                                        bless( {
                                                 'content' => 'use'
                                               }, 'PPI::Token::Word' ),
                                        bless( {
                                                 'content' => ' '
                                               }, 'PPI::Token::Whitespace' ),
                                        bless( {
                                                 'content' => 'integer'
                                               }, 'PPI::Token::Word' ),
                                        bless( {
                                                 'content' => ';'
                                               }, 'PPI::Token::Structure' )
                                      ]
                      }, 'PPI::Statement::Include' ),
               bless( {
                        'children' => [
                                        bless( {
                                                 'content' => 'use'
                                               }, 'PPI::Token::Word' ),
                                        bless( {
                                                 'content' => ' '
                                               }, 'PPI::Token::Whitespace' ),
                                        bless( {
                                                 'content' => 'strict'
                                               }, 'PPI::Token::Word' ),
                                        bless( {
                                                 'content' => ';'
                                               }, 'PPI::Token::Structure' )
                                      ]
                      }, 'PPI::Statement::Include' ),
               bless( {
                        'children' => [
                                        bless( {
                                                 'content' => 'use'
                                               }, 'PPI::Token::Word' ),
                                        bless( {
                                                 'content' => ' '
                                               }, 'PPI::Token::Whitespace' ),
                                        bless( {
                                                 'content' => 'vars'
                                               }, 'PPI::Token::Word' ),
                                        bless( {
                                                 'content' => ' '
                                               }, 'PPI::Token::Whitespace' ),
                                        bless( {
                                                 'content' => 'qw($VERSION @ISA @EXPORT @EXPORT_OK %EXPORT_TAGS)',
                                                 '_sections' => 1,
                                                 'operator' => 'qw',
                                                 'braced' => 1,
                                                 'separator' => undef,
                                                 'sections' => [
                                                                 {
                                                                   'size' => 45,
                                                                   'position' => 3,
                                                                   'type' => '()'
                                                                 }
                                                               ]
                                               }, 'PPI::Token::QuoteLike::Words' ),
                                        bless( {
                                                 'content' => ';'
                                               }, 'PPI::Token::Structure' )
                                      ]
                      }, 'PPI::Statement::Include' ),
               bless( {
                        'children' => [
                                        bless( {
                                                 'content' => 'use'
                                               }, 'PPI::Token::Word' ),
                                        bless( {
                                                 'content' => ' '
                                               }, 'PPI::Token::Whitespace' ),
                                        bless( {
                                                 'content' => 'warnings'
                                               }, 'PPI::Token::Word' ),
                                        bless( {
                                                 'content' => ';'
                                               }, 'PPI::Token::Structure' )
                                      ]
                      }, 'PPI::Statement::Include' )
             ];
Saving...
Updated doc...
Document saved
