Size : 3
All statements : 67, Include statements : 3
$use = [
         bless( {
                  'children' => [
                                  bless( {
                                           'content' => 'use'
                                         }, 'PPI::Token::Word' ),
                                  bless( {
                                           'content' => ' '
                                         }, 'PPI::Token::Whitespace' ),
                                  bless( {
                                           'content' => 'Data::Dumper'
                                         }, 'PPI::Token::Word' ),
                                  bless( {
                                           'content' => ';'
                                         }, 'PPI::Token::Structure' )
                                ]
                }, 'PPI::Statement::Include' ),
         bless( {
                  'children' => [
                                  bless( {
                                           'content' => 'use'
                                         }, 'PPI::Token::Word' ),
                                  bless( {
                                           'content' => ' '
                                         }, 'PPI::Token::Whitespace' ),
                                  bless( {
                                           'content' => 'File::Spec'
                                         }, 'PPI::Token::Word' ),
                                  bless( {
                                           'content' => ';'
                                         }, 'PPI::Token::Structure' )
                                ]
                }, 'PPI::Statement::Include' ),
         bless( {
                  'children' => [
                                  bless( {
                                           'content' => 'use'
                                         }, 'PPI::Token::Word' ),
                                  bless( {
                                           'content' => ' '
                                         }, 'PPI::Token::Whitespace' ),
                                  bless( {
                                           'content' => 'File::Slupr'
                                         }, 'PPI::Token::Word' ),
                                  bless( {
                                           'content' => ' '
                                         }, 'PPI::Token::Whitespace' ),
                                  bless( {
                                           '_sections' => 1,
                                           'separator' => undef,
                                           'sections' => [
                                                           {
                                                             'type' => '()',
                                                             'position' => 3,
                                                             'size' => 24
                                                           }
                                                         ],
                                           'content' => 'qw(
	read_file
	write_file
)',
                                           'braced' => 1,
                                           'operator' => 'qw'
                                         }, 'PPI::Token::QuoteLike::Words' ),
                                  bless( {
                                           'content' => ';'
                                         }, 'PPI::Token::Structure' )
                                ]
                }, 'PPI::Statement::Include' )
       ];
PPI::Document
  PPI::Statement::Package
    PPI::Token::Word  	'package'
    PPI::Token::Whitespace  	' '
    PPI::Token::Word  	'Example'
    PPI::Token::Structure  	';'
  PPI::Token::Whitespace  	'\n'
  PPI::Token::Whitespace  	'\n'
  PPI::Statement::Include
    PPI::Token::Word  	'use'
    PPI::Token::Whitespace  	' '
    PPI::Token::Word  	'Data::Dumper'
    PPI::Token::Structure  	';'
  PPI::Token::Whitespace  	'\n'
  PPI::Statement::Include
    PPI::Token::Word  	'use'
    PPI::Token::Whitespace  	' '
    PPI::Token::Word  	'File::Spec'
    PPI::Token::Structure  	';'
  PPI::Token::Whitespace  	'\n'
  PPI::Token::Whitespace  	'\n'
  PPI::Statement::Variable
    PPI::Token::Word  	'my'
    PPI::Token::Whitespace  	' '
    PPI::Token::Symbol  	'$file'
    PPI::Token::Whitespace  	' '
    PPI::Token::Operator  	'='
    PPI::Token::Whitespace  	' '
    PPI::Token::Word  	'File::Spec'
    PPI::Token::Operator  	'->'
    PPI::Token::Word  	'catfile'
    PPI::Structure::List  	( ... )
      PPI::Statement::Expression
        PPI::Token::Quote::Single  	''Perl.pm''
    PPI::Token::Structure  	';'
  PPI::Token::Whitespace  	'\n'
  PPI::Token::Whitespace  	'\n'
  PPI::Statement::Include
    PPI::Token::Word  	'use'
    PPI::Token::Whitespace  	' '
    PPI::Token::Word  	'File::Slupr'
    PPI::Token::Whitespace  	' '
    PPI::Token::QuoteLike::Words  	'qw(\n\tread_file\n\twrite_file\n)'
    PPI::Token::Structure  	';'
  PPI::Token::Whitespace  	'\n'
  PPI::Token::Whitespace  	'\n'
  PPI::Statement::Variable
    PPI::Token::Word  	'my'
    PPI::Token::Whitespace  	' '
    PPI::Token::Symbol  	'$file_content'
    PPI::Token::Whitespace  	' '
    PPI::Token::Operator  	'='
    PPI::Token::Whitespace  	' '
    PPI::Token::Word  	'read_file'
    PPI::Structure::List  	( ... )
      PPI::Statement::Expression
        PPI::Token::Symbol  	'$file'
    PPI::Token::Structure  	';'
  PPI::Token::Whitespace  	'\n'
  PPI::Token::Whitespace  	'\n'
  PPI::Statement
    PPI::Token::Number  	'1'
    PPI::Token::Structure  	';'
  PPI::Token::Whitespace  	'\n'
Updated doc...
Document saved
